0 info it worked if it ends with ok
1 verbose cli [ 'C:\\Program Files\\nodejs\\node.exe',
1 verbose cli   'C:\\Program Files\\nodejs\\node_modules\\npm\\bin\\npm-cli.js',
1 verbose cli   'start' ]
2 info using npm@3.10.10
3 info using node@v6.9.5
4 verbose run-script [ 'prestart', 'start', 'poststart' ]
5 info lifecycle twinlakesjetski@0.0.0~prestart: twinlakesjetski@0.0.0
6 silly lifecycle twinlakesjetski@0.0.0~prestart: no script for prestart, continuing
7 info lifecycle twinlakesjetski@0.0.0~start: twinlakesjetski@0.0.0
8 verbose lifecycle twinlakesjetski@0.0.0~start: unsafe-perm in lifecycle true
9 verbose lifecycle twinlakesjetski@0.0.0~start: PATH: C:\Program Files\nodejs\node_modules\npm\bin\node-gyp-bin;C:\Users\Patrick\OneDrive\Documents\GitHub\twinlakesjetski\node_modules\.bin;C:\Users\Patrick\AppData\Roaming\npm;C:\Program Files\nodejs\;C:\oraclexe\app\oracle\product\10.2.0\server\bin;c:\programdata\oracle\java\javapath;c:\program files\common files\microsoft shared\windows live;c:\program files (x86)\intel\icls client\;c:\program files\intel\icls client\;c:\windows\system32;c:\windows;c:\windows\system32\wbem;c:\windows\system32\windowspowershell\v1.0\;c:\program files\intel\intel(r) management engine components\dal;c:\program files\intel\intel(r) management engine components\ipt;c:\program files (x86)\intel\intel(r) management engine components\dal;c:\program files (x86)\intel\intel(r) management engine components\ipt;c:\program files (x86)\intel\opencl sdk\2.0\bin\x86;c:\program files (x86)\intel\opencl sdk\2.0\bin\x64;c:\program files (x86)\microsoft sql server\100\tools\binn\;c:\program files\microsoft sql server\100\tools\binn\;c:\program files\microsoft sql server\100\dts\binn\;c:\python27\scripts;c:\python27;C:\Program Files (x86)\Skype\Phone\;C:\Program Files (x86)\NVIDIA Corporation\PhysX\Common;C:\WINDOWS\system32;C:\WINDOWS;C:\WINDOWS\System32\Wbem;C:\WINDOWS\System32\WindowsPowerShell\v1.0\;C:\Program Files\nodejs\;C:\Program Files (x86)\PuTTY\;C:\Users\Patrick\AppData\Local\Programs\Python\Python35-32\Scripts\;C:\Users\Patrick\AppData\Local\Programs\Python\Python35-32\;C:\Python34;C:\Python34\Scripts;C:\Users\Patrick\AppData\Local\Microsoft\WindowsApps;C:\Users\Patrick\AppData\Roaming\npm;C:\Users\Patrick\AppData\Local\atom\bin
10 verbose lifecycle twinlakesjetski@0.0.0~start: CWD: C:\Users\Patrick\OneDrive\Documents\GitHub\twinlakesjetski
11 silly lifecycle twinlakesjetski@0.0.0~start: Args: [ '/d /s /c', 'node ./bin/www' ]
12 silly lifecycle twinlakesjetski@0.0.0~start: Returned: code: 1  signal: null
13 info lifecycle twinlakesjetski@0.0.0~start: Failed to exec start script
14 verbose stack Error: twinlakesjetski@0.0.0 start: `node ./bin/www`
14 verbose stack Exit status 1
14 verbose stack     at EventEmitter.<anonymous> (C:\Program Files\nodejs\node_modules\npm\lib\utils\lifecycle.js:255:16)
14 verbose stack     at emitTwo (events.js:106:13)
14 verbose stack     at EventEmitter.emit (events.js:191:7)
14 verbose stack     at ChildProcess.<anonymous> (C:\Program Files\nodejs\node_modules\npm\lib\utils\spawn.js:40:14)
14 verbose stack     at emitTwo (events.js:106:13)
14 verbose stack     at ChildProcess.emit (events.js:191:7)
14 verbose stack     at maybeClose (internal/child_process.js:877:16)
14 verbose stack     at Process.ChildProcess._handle.onexit (internal/child_process.js:226:5)
15 verbose pkgid twinlakesjetski@0.0.0
16 verbose cwd C:\Users\Patrick\OneDrive\Documents\GitHub\twinlakesjetski
17 error Windows_NT 10.0.14393
18 error argv "C:\\Program Files\\nodejs\\node.exe" "C:\\Program Files\\nodejs\\node_modules\\npm\\bin\\npm-cli.js" "start"
19 error node v6.9.5
20 error npm  v3.10.10
21 error code ELIFECYCLE
22 error twinlakesjetski@0.0.0 start: `node ./bin/www`
22 error Exit status 1
23 error Failed at the twinlakesjetski@0.0.0 start script 'node ./bin/www'.
23 error Make sure you have the latest version of node.js and npm installed.
23 error If you do, this is most likely a problem with the twinlakesjetski package,
23 error not with npm itself.
23 error Tell the author that this fails on your system:
23 error     node ./bin/www
23 error You can get information on how to open an issue for this project with:
23 error     npm bugs twinlakesjetski
23 error Or if that isn't available, you can get their info via:
23 error     npm owner ls twinlakesjetski
23 error There is likely additional logging output above.
24 verbose exit [ 1, true ]
